<?xml version="1.0" encoding="UTF-8"?>
<!-- Generated by org.testng.reporters.JUnitReportReporter -->
<testsuite hostname="DESKTOP-4OKG3L1" failures="0" tests="6" name="com.crm.ComCast.contactTest.CreateContactTest" time="0.039" errors="0" timestamp="2022-01-30T12:09:11 IST" skipped="0">
  <testcase classname="com.crm.ComCast.contactTest.CreateContactTest" name="createContactWithOrgTest" time="0.011"/>
  <system-out/>
  <testcase classname="com.crm.ComCast.contactTest.CreateContactTest" name="createContactWithRegionTest" time="0.004"/>
  <system-out/>
  <testcase classname="com.crm.ComCast.contactTest.CreateContactTest" name="createContactWithOrgTest" time="0.003"/>
  <system-out/>
  <testcase classname="com.crm.ComCast.contactTest.CreateContactTest" name="createContactWithRegionTest" time="0.008"/>
  <system-out/>
  <testcase classname="com.crm.ComCast.contactTest.CreateContactTest" name="createContactTest" time="0.006"/>
  <system-out/>
  <testcase classname="com.crm.ComCast.contactTest.CreateContactTest" name="createContactTest" time="0.007"/>
  <system-out/>
</testsuite> <!-- com.crm.ComCast.contactTest.CreateContactTest -->
