<?xml version="1.0" encoding="UTF-8"?>
<!-- Generated by org.testng.reporters.JUnitReportReporter -->
<testsuite hostname="DESKTOP-4OKG3L1" failures="0" tests="6" name="com.crm.ComCast.OrgTest.CreateOrgTest" time="0.067" errors="0" timestamp="2022-01-30T12:09:11 IST" skipped="0">
  <testcase classname="com.crm.ComCast.OrgTest.CreateOrgTest" name="createOrgWithIndustryTest" time="0.010"/>
  <system-out/>
  <testcase classname="com.crm.ComCast.OrgTest.CreateOrgTest" name="createOrgWithIndustryTest" time="0.023"/>
  <system-out/>
  <testcase classname="com.crm.ComCast.OrgTest.CreateOrgTest" name="createOrgWithRegionTest" time="0.005"/>
  <system-out/>
  <testcase classname="com.crm.ComCast.OrgTest.CreateOrgTest" name="createOrgWithRegionTest" time="0.007"/>
  <system-out/>
  <testcase classname="com.crm.ComCast.OrgTest.CreateOrgTest" name="createOrgTest" time="0.012"/>
  <system-out/>
  <testcase classname="com.crm.ComCast.OrgTest.CreateOrgTest" name="createOrgTest" time="0.010"/>
  <system-out/>
</testsuite> <!-- com.crm.ComCast.OrgTest.CreateOrgTest -->
